<?xml version="1.0" encoding="UTF-8" ?>
<testsuite tests="6" failures="0" name="eva.AppTest" time="0.162" errors="0" skipped="0">
  <properties>
[...]
</properties>
  <testcase classname="eva.AppTest" name="testBasic" time="0.134"/>
  <testcase classname="eva.AppTest" name="testMethod" time="0"/>
  <testcase classname="eva.AppTest" name="testSpecifique" time="0.006"/>
  <testcase classname="eva.AppTest" name="testNiveau2" time="0.011"/>
  <testcase classname="eva.AppTest" name="testNiveau1" time="0.01"/>
  <testcase classname="eva.AppTest" name="testDeepOp" time="0.001"/>
</testsuite>